<?xml version="1.0" encoding="utf-8" standalone="no"?>
<!--This file represents the results of running a test suite-->
<test-results name="C:\Users\frotveit\Documents\Visual Studio 2008\Projects\FileNamer\FileNamer\bin\Release\FileNamer.exe" total="3" errors="0" failures="0" not-run="0" inconclusive="0" ignored="0" skipped="0" invalid="0" date="2009-12-05" time="14:35:52">
  <environment nunit-version="2.5.2.9222" clr-version="2.0.50727.4016" os-version="Microsoft Windows NT 6.0.6002 Service Pack 2" platform="Win32NT" cwd="C:\Program Files (x86)\NUnit 2.5.2\bin\net-2.0" machine-name="FROTVEIT-BPC2" user="frotveit" user-domain="FROTVEIT-BPC2" />
  <culture-info current-culture="nb-NO" current-uiculture="nb-NO" />
  <test-suite name="C:\Users\frotveit\Documents\Visual Studio 2008\Projects\FileNamer\FileNamer\bin\Release\FileNamer.exe" executed="True" success="True" time="0.078" asserts="0">
    <results>
      <test-suite name="FileNamer" executed="True" success="True" time="0.062" asserts="0">
        <results>
          <test-suite name="FileHandlingTest" executed="True" success="True" time="0.062" asserts="0">
            <results>
              <test-case name="FileNamer.FileHandlingTest.TestGetFilePath" executed="True" success="True" time="0.016" asserts="1" />
              <test-case name="FileNamer.FileHandlingTest.TestGetFormattedDate" executed="True" success="True" time="0.000" asserts="1" />
              <test-case name="FileNamer.FileHandlingTest.TestGetNewFileNameForRenumber" executed="True" success="True" time="0.016" asserts="6" />
            </results>
          </test-suite>
        </results>
      </test-suite>
    </results>
  </test-suite>
</test-results>