<?xml version="1.0" encoding="utf-8" standalone="no"?>
<!--This file represents the results of running a test suite-->
<test-results name="C:\Users\frotveit\Documents\Visual Studio 2010\Projects\FileNamer\TestFileNamer.nunit" total="0" errors="0" failures="0" not-run="0" inconclusive="0" ignored="0" skipped="0" invalid="0" date="2012-07-01" time="21:37:24">
  <environment nunit-version="2.5.8.10295" clr-version="2.0.50727.4223" os-version="Microsoft Windows NT 6.0.6002 Service Pack 2" platform="Win32NT" cwd="C:\Program Files (x86)\NUnit 2.5.8\bin\net-2.0" machine-name="FROTVEIT-BPC2" user="frotveit" user-domain="FROTVEIT-BPC2" />
  <culture-info current-culture="nb-NO" current-uiculture="nb-NO" />
  <test-suite type="Project" name="C:\Users\frotveit\Documents\Visual Studio 2010\Projects\FileNamer\TestFileNamer.nunit" executed="True" result="Inconclusive" success="False" time="0.045" asserts="0">
    <results>
      <test-suite type="Assembly" name="C:\Users\frotveit\Documents\Visual Studio 2010\Projects\FileNamer\FileNamer\bin\Debug\FileNamer.exe" executed="False" result="NotRunnable">
        <reason>
          <message><![CDATA[Has no TestFixtures]]></message>
        </reason>
      </test-suite>
      <test-suite type="Assembly" name="C:\Users\frotveit\Documents\Visual Studio 2010\Projects\FileNamer\FileNamer\bin\Release\FileNamer.exe" executed="False" result="NotRunnable">
        <reason>
          <message><![CDATA[Has no TestFixtures]]></message>
        </reason>
      </test-suite>
    </results>
  </test-suite>
</test-results>